Targets: 80  Neighbors: 20
New version of client (18.33.1) available at https://ftp.ncbi.nlm.nih.gov/pub/datasets/command-line/LATEST/linux-amd64/datasets.
Archive:  clo/genomes.zip
  inflating: clo/genomes/README.md   
  inflating: clo/genomes/ncbi_dataset/data/assembly_data_report.jsonl  
  inflating: clo/genomes/ncbi_dataset/fetch.txt  
  inflating: clo/genomes/ncbi_dataset/data/dataset_catalog.json  
  inflating: clo/genomes/md5sum.txt  
Found 100 of 100 files for rehydration
Completed 0 of 100 [------------------------------------------------]   0%
[1A[2KCompleted 0 of 100 [------------------------------------------------]   0%
[1A[2KCompleted 0 of 100 [------------------------------------------------]   0%
[1A[2KCompleted 0 of 100 [------------------------------------------------]   0%
[1A[2KCompleted 0 of 100 [------------------------------------------------]   0%
[1A[2KCompleted 0 of 100 [------------------------------------------------]   0%
[1A[2KCompleted 0 of 100 [------------------------------------------------]   0%
[1A[2KCompleted 0 of 100 [------------------------------------------------]   0%
[1A[2KCompleted 0 of 100 [------------------------------------------------]   0%
[1A[2KCompleted 0 of 100 [------------------------------------------------]   0%
[1A[2KCompleted 0 of 100 [------------------------------------------------]   0%
[1A[2KCompleted 0 of 100 [------------------------------------------------]   0%
[1A[2KCompleted 0 of 100 [------------------------------------------------]   0%
[1A[2KCompleted 0 of 100 [------------------------------------------------]   0%
[1A[2KCompleted 0 of 100 [------------------------------------------------]   0%
[1A[2KCompleted 0 of 100 [------------------------------------------------]   0%
[1A[2KCompleted 0 of 100 [------------------------------------------------]   0%
[1A[2KCompleted 0 of 100 [------------------------------------------------]   0%
[1A[2KCompleted 0 of 100 [------------------------------------------------]   0%
[1A[2KCompleted 0 of 100 [------------------------------------------------]   0%
[1A[2KCompleted 0 of 100 [------------------------------------------------]   0%
[1A[2KCompleted 0 of 100 [------------------------------------------------]   0%
[1A[2KCompleted 0 of 100 [------------------------------------------------]   0%
[1A[2KCompleted 0 of 100 [------------------------------------------------]   0%
[1A[2KCompleted 0 of 100 [------------------------------------------------]   0%
[1A[2KCompleted 0 of 100 [------------------------------------------------]   0%
[1A[2KCompleted 0 of 100 [------------------------------------------------]   0%
[1A[2KCompleted 0 of 100 [------------------------------------------------]   0%
[1A[2KCompleted 0 of 100 [------------------------------------------------]   0%
[1A[2KCompleted 0 of 100 [------------------------------------------------]   0%
[1A[2KCompleted 0 of 100 [------------------------------------------------]   0%
[1A[2KCompleted 0 of 100 [------------------------------------------------]   0%
[1A[2KCompleted 0 of 100 [------------------------------------------------]   0%
[1A[2KCompleted 0 of 100 [------------------------------------------------]   0%
[1A[2KCompleted 0 of 100 [------------------------------------------------]   0%
[1A[2KCompleted 0 of 100 [------------------------------------------------]   0%
[1A[2KCompleted 0 of 100 [------------------------------------------------]   0%
[1A[2KCompleted 0 of 100 [------------------------------------------------]   0%
[1A[2KCompleted 0 of 100 [------------------------------------------------]   0%
[1A[2KCompleted 0 of 100 [------------------------------------------------]   0%
[1A[2KCompleted 0 of 100 [------------------------------------------------]   0%
[1A[2KCompleted 0 of 100 [------------------------------------------------]   0%
[1A[2KCompleted 0 of 100 [------------------------------------------------]   0%
[1A[2KCompleted 0 of 100 [------------------------------------------------]   0%
[1A[2KCompleted 0 of 100 [------------------------------------------------]   0%
[1A[2KCompleted 0 of 100 [------------------------------------------------]   0%
[1A[2KCompleted 0 of 100 [------------------------------------------------]   0%
[1A[2KCompleted 0 of 100 [------------------------------------------------]   0%
[1A[2KCompleted 0 of 100 [------------------------------------------------]   0%
[1A[2KCompleted 0 of 100 [------------------------------------------------]   0%
[1A[2KCompleted 0 of 100 [------------------------------------------------]   0%
[1A[2KCompleted 0 of 100 [------------------------------------------------]   0%
[1A[2KCompleted 0 of 100 [------------------------------------------------]   0%
[1A[2KCompleted 0 of 100 [------------------------------------------------]   0%
[1A[2KCompleted 0 of 100 [------------------------------------------------]   0%
[1A[2KCompleted 0 of 100 [------------------------------------------------]   0%
[1A[2KCompleted 0 of 100 [------------------------------------------------]   0%
[1A[2KCompleted 0 of 100 [------------------------------------------------]   0%
[1A[2KCompleted 0 of 100 [------------------------------------------------]   0%
[1A[2KCompleted 0 of 100 [------------------------------------------------]   0%
[1A[2KCompleted 0 of 100 [------------------------------------------------]   0%
[1A[2KCompleted 0 of 100 [------------------------------------------------]   0%
[1A[2KCompleted 0 of 100 [------------------------------------------------]   0%
[1A[2KCompleted 0 of 100 [------------------------------------------------]   0%
[1A[2KCompleted 0 of 100 [------------------------------------------------]   0%
[1A[2KCompleted 0 of 100 [------------------------------------------------]   0%
[1A[2KCompleted 0 of 100 [------------------------------------------------]   0%
[1A[2KCompleted 0 of 100 [------------------------------------------------]   0%
[1A[2KCompleted 0 of 100 [------------------------------------------------]   0%
[1A[2KCompleted 0 of 100 [------------------------------------------------]   0%
[1A[2KCompleted 0 of 100 [------------------------------------------------]   0%
[1A[2KCompleted 0 of 100 [------------------------------------------------]   0%
[1A[2KCompleted 0 of 100 [------------------------------------------------]   0%
[1A[2KCompleted 0 of 100 [------------------------------------------------]   0%
[1A[2KCompleted 0 of 100 [------------------------------------------------]   0%
[1A[2KCompleted 0 of 100 [------------------------------------------------]   0%
[1A[2KCompleted 0 of 100 [------------------------------------------------]   0%
[1A[2KCompleted 0 of 100 [------------------------------------------------]   0%
[1A[2KCompleted 0 of 100 [------------------------------------------------]   0%
[1A[2KCompleted 0 of 100 [------------------------------------------------]   0%
[1A[2KCompleted 0 of 100 [------------------------------------------------]   0%
[1A[2KCompleted 0 of 100 [------------------------------------------------]   0%
[1A[2KCompleted 0 of 100 [------------------------------------------------]   0%
[1A[2KCompleted 0 of 100 [------------------------------------------------]   0%
[1A[2KCompleted 0 of 100 [------------------------------------------------]   0%
[1A[2KCompleted 0 of 100 [------------------------------------------------]   0%
[1A[2KCompleted 0 of 100 [------------------------------------------------]   0%
[1A[2KCompleted 0 of 100 [------------------------------------------------]   0%
[1A[2KCompleted 0 of 100 [------------------------------------------------]   0%
[1A[2KCompleted 0 of 100 [------------------------------------------------]   0%
[1A[2KCompleted 0 of 100 [------------------------------------------------]   0%
[1A[2KCompleted 0 of 100 [------------------------------------------------]   0%
[1A[2KCompleted 0 of 100 [------------------------------------------------]   0%
[1A[2KCompleted 0 of 100 [------------------------------------------------]   0%
[1A[2KCompleted 0 of 100 [------------------------------------------------]   0%
[1A[2KCompleted 0 of 100 [------------------------------------------------]   0%
[1A[2KCompleted 0 of 100 [------------------------------------------------]   0%
[1A[2KCompleted 0 of 100 [------------------------------------------------]   0%
[1A[2KCompleted 0 of 100 [------------------------------------------------]   0%
[1A[2KCompleted 0 of 100 [------------------------------------------------]   0%
[1A[2KCompleted 0 of 100 [------------------------------------------------]   0%
[1A[2KCompleted 0 of 100 [------------------------------------------------]   0%
[1A[2KCompleted 0 of 100 [------------------------------------------------]   0%
[1A[2KCompleted 0 of 100 [------------------------------------------------]   0%
[1A[2KCompleted 1 of 100 [------------------------------------------------]   1%
[1A[2KCompleted 1 of 100 [------------------------------------------------]   1%
[1A[2KCompleted 1 of 100 [------------------------------------------------]   1%
[1A[2KCompleted 1 of 100 [------------------------------------------------]   1%
[1A[2KCompleted 1 of 100 [------------------------------------------------]   1%
[1A[2KCompleted 1 of 100 [------------------------------------------------]   1%
[1A[2KCompleted 1 of 100 [------------------------------------------------]   1%
[1A[2KCompleted 1 of 100 [------------------------------------------------]   1%
[1A[2KCompleted 1 of 100 [------------------------------------------------]   1%
[1A[2KCompleted 1 of 100 [------------------------------------------------]   1%
[1A[2KCompleted 1 of 100 [------------------------------------------------]   1%
[1A[2KCompleted 1 of 100 [------------------------------------------------]   1%
[1A[2KCompleted 1 of 100 [------------------------------------------------]   1%
[1A[2KCompleted 1 of 100 [------------------------------------------------]   1%
[1A[2KCompleted 1 of 100 [------------------------------------------------]   1%
[1A[2KCompleted 1 of 100 [------------------------------------------------]   1%
[1A[2KCompleted 1 of 100 [------------------------------------------------]   1%
[1A[2KCompleted 1 of 100 [------------------------------------------------]   1%
[1A[2KCompleted 1 of 100 [------------------------------------------------]   1%
[1A[2KCompleted 1 of 100 [------------------------------------------------]   1%
[1A[2KCompleted 2 of 100 [------------------------------------------------]   2%
[1A[2KCompleted 2 of 100 [------------------------------------------------]   2%
[1A[2KCompleted 2 of 100 [------------------------------------------------]   2%
[1A[2KCompleted 2 of 100 [------------------------------------------------]   2%
[1A[2KCompleted 2 of 100 [------------------------------------------------]   2%
[1A[2KCompleted 2 of 100 [------------------------------------------------]   2%
[1A[2KCompleted 2 of 100 [------------------------------------------------]   2%
[1A[2KCompleted 2 of 100 [------------------------------------------------]   2%
[1A[2KCompleted 2 of 100 [------------------------------------------------]   2%
[1A[2KCompleted 2 of 100 [------------------------------------------------]   2%
[1A[2KCompleted 2 of 100 [------------------------------------------------]   2%
[1A[2KCompleted 2 of 100 [------------------------------------------------]   2%
[1A[2KCompleted 2 of 100 [------------------------------------------------]   2%
[1A[2KCompleted 2 of 100 [------------------------------------------------]   2%
[1A[2KCompleted 2 of 100 [------------------------------------------------]   2%
[1A[2KCompleted 2 of 100 [------------------------------------------------]   2%
[1A[2KCompleted 2 of 100 [------------------------------------------------]   2%
[1A[2KCompleted 2 of 100 [------------------------------------------------]   2%
[1A[2KCompleted 2 of 100 [------------------------------------------------]   2%
[1A[2KCompleted 2 of 100 [------------------------------------------------]   2%
[1A[2KCompleted 2 of 100 [------------------------------------------------]   2%
[1A[2KCompleted 2 of 100 [------------------------------------------------]   2%
[1A[2KCompleted 2 of 100 [------------------------------------------------]   2%
[1A[2KCompleted 2 of 100 [------------------------------------------------]   2%
[1A[2KCompleted 2 of 100 [------------------------------------------------]   2%
[1A[2KCompleted 2 of 100 [------------------------------------------------]   2%
[1A[2KCompleted 3 of 100 [------------------------------------------------]   3%
[1A[2KCompleted 3 of 100 [------------------------------------------------]   3%
[1A[2KCompleted 3 of 100 [------------------------------------------------]   3%
[1A[2KCompleted 3 of 100 [------------------------------------------------]   3%
[1A[2KCompleted 3 of 100 [------------------------------------------------]   3%
[1A[2KCompleted 3 of 100 [------------------------------------------------]   3%
[1A[2KCompleted 3 of 100 [------------------------------------------------]   3%
[1A[2KCompleted 3 of 100 [------------------------------------------------]   3%
[1A[2KCompleted 3 of 100 [------------------------------------------------]   3%
[1A[2KCompleted 3 of 100 [------------------------------------------------]   3%
[1A[2KCompleted 3 of 100 [------------------------------------------------]   3%
[1A[2KCompleted 4 of 100 [>-----------------------------------------------]   4%
[1A[2KCompleted 4 of 100 [>-----------------------------------------------]   4%
[1A[2KCompleted 4 of 100 [>-----------------------------------------------]   4%
[1A[2KCompleted 4 of 100 [>-----------------------------------------------]   4%
[1A[2KCompleted 4 of 100 [>-----------------------------------------------]   4%
[1A[2KCompleted 4 of 100 [>-----------------------------------------------]   4%
[1A[2KCompleted 4 of 100 [>-----------------------------------------------]   4%
[1A[2KCompleted 4 of 100 [>-----------------------------------------------]   4%
[1A[2KCompleted 4 of 100 [>-----------------------------------------------]   4%
[1A[2KCompleted 4 of 100 [>-----------------------------------------------]   4%
[1A[2KCompleted 4 of 100 [>-----------------------------------------------]   4%
[1A[2KCompleted 4 of 100 [>-----------------------------------------------]   4%
[1A[2KCompleted 4 of 100 [>-----------------------------------------------]   4%
[1A[2KCompleted 4 of 100 [>-----------------------------------------------]   4%
[1A[2KCompleted 4 of 100 [>-----------------------------------------------]   4%
[1A[2KCompleted 4 of 100 [>-----------------------------------------------]   4%
[1A[2KCompleted 5 of 100 [>-----------------------------------------------]   5%
[1A[2KCompleted 5 of 100 [>-----------------------------------------------]   5%
[1A[2KCompleted 5 of 100 [>-----------------------------------------------]   5%
[1A[2KCompleted 5 of 100 [>-----------------------------------------------]   5%
[1A[2KCompleted 5 of 100 [>-----------------------------------------------]   5%
[1A[2KCompleted 5 of 100 [>-----------------------------------------------]   5%
[1A[2KCompleted 5 of 100 [>-----------------------------------------------]   5%
[1A[2KCompleted 5 of 100 [>-----------------------------------------------]   5%
[1A[2KCompleted 5 of 100 [>-----------------------------------------------]   5%
[1A[2KCompleted 5 of 100 [>-----------------------------------------------]   5%
[1A[2KCompleted 5 of 100 [>-----------------------------------------------]   5%
[1A[2KCompleted 5 of 100 [>-----------------------------------------------]   5%
[1A[2KCompleted 5 of 100 [>-----------------------------------------------]   5%
[1A[2KCompleted 5 of 100 [>-----------------------------------------------]   5%
[1A[2KCompleted 6 of 100 [=>----------------------------------------------]   6%
[1A[2KCompleted 6 of 100 [=>----------------------------------------------]   6%
[1A[2KCompleted 6 of 100 [=>----------------------------------------------]   6%
[1A[2KCompleted 6 of 100 [=>----------------------------------------------]   6%
[1A[2KCompleted 6 of 100 [=>----------------------------------------------]   6%
[1A[2KCompleted 6 of 100 [=>----------------------------------------------]   6%
[1A[2KCompleted 6 of 100 [=>----------------------------------------------]   6%
[1A[2KCompleted 6 of 100 [=>----------------------------------------------]   6%
[1A[2KCompleted 6 of 100 [=>----------------------------------------------]   6%
[1A[2KCompleted 6 of 100 [=>----------------------------------------------]   6%
[1A[2KCompleted 6 of 100 [=>----------------------------------------------]   6%
[1A[2KCompleted 6 of 100 [=>----------------------------------------------]   6%
[1A[2KCompleted 7 of 100 [=>----------------------------------------------]   7%
[1A[2KCompleted 7 of 100 [=>----------------------------------------------]   7%
[1A[2KCompleted 7 of 100 [=>----------------------------------------------]   7%
[1A[2KCompleted 7 of 100 [=>----------------------------------------------]   7%
[1A[2KCompleted 7 of 100 [=>----------------------------------------------]   7%
[1A[2KCompleted 7 of 100 [=>----------------------------------------------]   7%
[1A[2KCompleted 7 of 100 [=>----------------------------------------------]   7%
[1A[2KCompleted 7 of 100 [=>----------------------------------------------]   7%
[1A[2KCompleted 7 of 100 [=>----------------------------------------------]   7%
[1A[2KCompleted 7 of 100 [=>----------------------------------------------]   7%
[1A[2KCompleted 7 of 100 [=>----------------------------------------------]   7%
[1A[2KCompleted 8 of 100 [==>---------------------------------------------]   8%
[1A[2KCompleted 8 of 100 [==>---------------------------------------------]   8%
[1A[2KCompleted 8 of 100 [==>---------------------------------------------]   8%
[1A[2KCompleted 8 of 100 [==>---------------------------------------------]   8%
[1A[2KCompleted 8 of 100 [==>---------------------------------------------]   8%
[1A[2KCompleted 8 of 100 [==>---------------------------------------------]   8%
[1A[2KCompleted 8 of 100 [==>---------------------------------------------]   8%
[1A[2KCompleted 8 of 100 [==>---------------------------------------------]   8%
[1A[2KCompleted 8 of 100 [==>---------------------------------------------]   8%
[1A[2KCompleted 8 of 100 [==>---------------------------------------------]   8%
[1A[2KCompleted 8 of 100 [==>---------------------------------------------]   8%
[1A[2KCompleted 8 of 100 [==>---------------------------------------------]   8%
[1A[2KCompleted 8 of 100 [==>---------------------------------------------]   8%
[1A[2KCompleted 8 of 100 [==>---------------------------------------------]   8%
[1A[2KCompleted 8 of 100 [==>---------------------------------------------]   8%
[1A[2KCompleted 8 of 100 [==>---------------------------------------------]   8%
[1A[2KCompleted 8 of 100 [==>---------------------------------------------]   8%
[1A[2KCompleted 8 of 100 [==>---------------------------------------------]   8%
[1A[2KCompleted 8 of 100 [==>---------------------------------------------]   8%
[1A[2KCompleted 8 of 100 [==>---------------------------------------------]   8%
[1A[2KCompleted 8 of 100 [==>---------------------------------------------]   8%
[1A[2KCompleted 8 of 100 [==>---------------------------------------------]   8%
[1A[2KCompleted 8 of 100 [==>---------------------------------------------]   8%
[1A[2KCompleted 8 of 100 [==>---------------------------------------------]   8%
[1A[2KCompleted 8 of 100 [==>---------------------------------------------]   8%
[1A[2KCompleted 8 of 100 [==>---------------------------------------------]   8%
[1A[2KCompleted 8 of 100 [==>---------------------------------------------]   8%
[1A[2KCompleted 8 of 100 [==>---------------------------------------------]   8%
[1A[2KCompleted 8 of 100 [==>---------------------------------------------]   8%
[1A[2KCompleted 8 of 100 [==>---------------------------------------------]   8%
[1A[2KCompleted 8 of 100 [==>---------------------------------------------]   8%
[1A[2KCompleted 8 of 100 [==>---------------------------------------------]   8%
[1A[2KCompleted 8 of 100 [==>---------------------------------------------]   8%
[1A[2KCompleted 8 of 100 [==>---------------------------------------------]   8%
[1A[2KCompleted 8 of 100 [==>---------------------------------------------]   8%
[1A[2KCompleted 8 of 100 [==>---------------------------------------------]   8%
[1A[2KCompleted 8 of 100 [==>---------------------------------------------]   8%
[1A[2KCompleted 9 of 100 [==>---------------------------------------------]   9%
[1A[2KCompleted 9 of 100 [==>---------------------------------------------]   9%
[1A[2KCompleted 10 of 100 [===>--------------------------------------------]  10%
[1A[2KCompleted 10 of 100 [===>--------------------------------------------]  10%
[1A[2KCompleted 10 of 100 [===>--------------------------------------------]  10%
[1A[2KCompleted 10 of 100 [===>--------------------------------------------]  10%
[1A[2KCompleted 10 of 100 [===>--------------------------------------------]  10%
[1A[2KCompleted 10 of 100 [===>--------------------------------------------]  10%
[1A[2KCompleted 10 of 100 [===>--------------------------------------------]  10%
[1A[2KCompleted 10 of 100 [===>--------------------------------------------]  10%
[1A[2KCompleted 11 of 100 [===>--------------------------------------------]  11%
[1A[2KCompleted 11 of 100 [===>--------------------------------------------]  11%
[1A[2KCompleted 11 of 100 [===>--------------------------------------------]  11%
[1A[2KCompleted 11 of 100 [===>--------------------------------------------]  11%
[1A[2KCompleted 11 of 100 [===>--------------------------------------------]  11%
[1A[2KCompleted 11 of 100 [===>--------------------------------------------]  11%
[1A[2KCompleted 11 of 100 [===>--------------------------------------------]  11%
[1A[2KCompleted 11 of 100 [===>--------------------------------------------]  11%
[1A[2KCompleted 11 of 100 [===>--------------------------------------------]  11%
[1A[2KCompleted 11 of 100 [===>--------------------------------------------]  11%
[1A[2KCompleted 11 of 100 [===>--------------------------------------------]  11%
[1A[2KCompleted 11 of 100 [===>--------------------------------------------]  11%
[1A[2KCompleted 11 of 100 [===>--------------------------------------------]  11%
[1A[2KCompleted 11 of 100 [===>--------------------------------------------]  11%
[1A[2KCompleted 12 of 100 [====>-------------------------------------------]  12%
[1A[2KCompleted 12 of 100 [====>-------------------------------------------]  12%
[1A[2KCompleted 12 of 100 [====>-------------------------------------------]  12%
[1A[2KCompleted 13 of 100 [====>-------------------------------------------]  13%
[1A[2KCompleted 13 of 100 [====>-------------------------------------------]  13%
[1A[2KCompleted 14 of 100 [=====>------------------------------------------]  14%
[1A[2KCompleted 14 of 100 [=====>------------------------------------------]  14%
[1A[2KCompleted 14 of 100 [=====>------------------------------------------]  14%
[1A[2KCompleted 14 of 100 [=====>------------------------------------------]  14%
[1A[2KCompleted 14 of 100 [=====>------------------------------------------]  14%
[1A[2KCompleted 14 of 100 [=====>------------------------------------------]  14%
[1A[2KCompleted 14 of 100 [=====>------------------------------------------]  14%
[1A[2KCompleted 14 of 100 [=====>------------------------------------------]  14%
[1A[2KCompleted 14 of 100 [=====>------------------------------------------]  14%
[1A[2KCompleted 14 of 100 [=====>------------------------------------------]  14%
[1A[2KCompleted 15 of 100 [=====>------------------------------------------]  15%
[1A[2KCompleted 16 of 100 [======>-----------------------------------------]  16%
[1A[2KCompleted 16 of 100 [======>-----------------------------------------]  16%
[1A[2KCompleted 16 of 100 [======>-----------------------------------------]  16%
[1A[2KCompleted 16 of 100 [======>-----------------------------------------]  16%
[1A[2KCompleted 16 of 100 [======>-----------------------------------------]  16%
[1A[2KCompleted 17 of 100 [======>-----------------------------------------]  17%
[1A[2KCompleted 18 of 100 [=======>----------------------------------------]  18%
[1A[2KCompleted 18 of 100 [=======>----------------------------------------]  18%
[1A[2KCompleted 18 of 100 [=======>----------------------------------------]  18%
[1A[2KCompleted 18 of 100 [=======>----------------------------------------]  18%
[1A[2KCompleted 19 of 100 [=======>----------------------------------------]  19%
[1A[2KCompleted 19 of 100 [=======>----------------------------------------]  19%
[1A[2KCompleted 19 of 100 [=======>----------------------------------------]  19%
[1A[2KCompleted 19 of 100 [=======>----------------------------------------]  19%
[1A[2KCompleted 19 of 100 [=======>----------------------------------------]  19%
[1A[2KCompleted 19 of 100 [=======>----------------------------------------]  19%
[1A[2KCompleted 19 of 100 [=======>----------------------------------------]  19%
[1A[2KCompleted 19 of 100 [=======>----------------------------------------]  19%
[1A[2KCompleted 20 of 100 [========>---------------------------------------]  20%
[1A[2KCompleted 20 of 100 [========>---------------------------------------]  20%
[1A[2KCompleted 20 of 100 [========>---------------------------------------]  20%
[1A[2KCompleted 20 of 100 [========>---------------------------------------]  20%
[1A[2KCompleted 20 of 100 [========>---------------------------------------]  20%
[1A[2KCompleted 20 of 100 [========>---------------------------------------]  20%
[1A[2KCompleted 21 of 100 [========>---------------------------------------]  21%
[1A[2KCompleted 21 of 100 [========>---------------------------------------]  21%
[1A[2KCompleted 21 of 100 [========>---------------------------------------]  21%
[1A[2KCompleted 21 of 100 [========>---------------------------------------]  21%
[1A[2KCompleted 21 of 100 [========>---------------------------------------]  21%
[1A[2KCompleted 22 of 100 [=========>--------------------------------------]  22%
[1A[2KCompleted 22 of 100 [=========>--------------------------------------]  22%
[1A[2KCompleted 24 of 100 [==========>-------------------------------------]  24%
[1A[2KCompleted 24 of 100 [==========>-------------------------------------]  24%
[1A[2KCompleted 24 of 100 [==========>-------------------------------------]  24%
[1A[2KCompleted 25 of 100 [==========>-------------------------------------]  25%
[1A[2KCompleted 25 of 100 [==========>-------------------------------------]  25%
[1A[2KCompleted 25 of 100 [==========>-------------------------------------]  25%
[1A[2KCompleted 25 of 100 [==========>-------------------------------------]  25%
[1A[2KCompleted 25 of 100 [==========>-------------------------------------]  25%
[1A[2KCompleted 26 of 100 [===========>------------------------------------]  26%
[1A[2KCompleted 26 of 100 [===========>------------------------------------]  26%
[1A[2KCompleted 26 of 100 [===========>------------------------------------]  26%
[1A[2KCompleted 26 of 100 [===========>------------------------------------]  26%
[1A[2KCompleted 26 of 100 [===========>------------------------------------]  26%
[1A[2KCompleted 26 of 100 [===========>------------------------------------]  26%
[1A[2KCompleted 26 of 100 [===========>------------------------------------]  26%
[1A[2KCompleted 27 of 100 [===========>------------------------------------]  27%
[1A[2KCompleted 27 of 100 [===========>------------------------------------]  27%
[1A[2KCompleted 27 of 100 [===========>------------------------------------]  27%
[1A[2KCompleted 27 of 100 [===========>------------------------------------]  27%
[1A[2KCompleted 27 of 100 [===========>------------------------------------]  27%
[1A[2KCompleted 27 of 100 [===========>------------------------------------]  27%
[1A[2KCompleted 27 of 100 [===========>------------------------------------]  27%
[1A[2KCompleted 28 of 100 [============>-----------------------------------]  28%
[1A[2KCompleted 28 of 100 [============>-----------------------------------]  28%
[1A[2KCompleted 29 of 100 [============>-----------------------------------]  29%
[1A[2KCompleted 29 of 100 [============>-----------------------------------]  29%
[1A[2KCompleted 29 of 100 [============>-----------------------------------]  29%
[1A[2KCompleted 29 of 100 [============>-----------------------------------]  29%
[1A[2KCompleted 30 of 100 [=============>----------------------------------]  30%
[1A[2KCompleted 31 of 100 [=============>----------------------------------]  31%
[1A[2KCompleted 31 of 100 [=============>----------------------------------]  31%
[1A[2KCompleted 31 of 100 [=============>----------------------------------]  31%
[1A[2KCompleted 31 of 100 [=============>----------------------------------]  31%
[1A[2KCompleted 31 of 100 [=============>----------------------------------]  31%
[1A[2KCompleted 31 of 100 [=============>----------------------------------]  31%
[1A[2KCompleted 31 of 100 [=============>----------------------------------]  31%
[1A[2KCompleted 32 of 100 [==============>---------------------------------]  32%
[1A[2KCompleted 32 of 100 [==============>---------------------------------]  32%
[1A[2KCompleted 32 of 100 [==============>---------------------------------]  32%
[1A[2KCompleted 32 of 100 [==============>---------------------------------]  32%
[1A[2KCompleted 32 of 100 [==============>---------------------------------]  32%
[1A[2KCompleted 33 of 100 [==============>---------------------------------]  33%
[1A[2KCompleted 33 of 100 [==============>---------------------------------]  33%
[1A[2KCompleted 33 of 100 [==============>---------------------------------]  33%
[1A[2KCompleted 33 of 100 [==============>---------------------------------]  33%
[1A[2KCompleted 33 of 100 [==============>---------------------------------]  33%
[1A[2KCompleted 33 of 100 [==============>---------------------------------]  33%
[1A[2KCompleted 33 of 100 [==============>---------------------------------]  33%
[1A[2KCompleted 33 of 100 [==============>---------------------------------]  33%
[1A[2KCompleted 34 of 100 [===============>--------------------------------]  34%
[1A[2KCompleted 34 of 100 [===============>--------------------------------]  34%
[1A[2KCompleted 34 of 100 [===============>--------------------------------]  34%
[1A[2KCompleted 34 of 100 [===============>--------------------------------]  34%
[1A[2KCompleted 34 of 100 [===============>--------------------------------]  34%
[1A[2KCompleted 34 of 100 [===============>--------------------------------]  34%
[1A[2KCompleted 34 of 100 [===============>--------------------------------]  34%
[1A[2KCompleted 34 of 100 [===============>--------------------------------]  34%
[1A[2KCompleted 34 of 100 [===============>--------------------------------]  34%
[1A[2KCompleted 34 of 100 [===============>--------------------------------]  34%
[1A[2KCompleted 34 of 100 [===============>--------------------------------]  34%
[1A[2KCompleted 34 of 100 [===============>--------------------------------]  34%
[1A[2KCompleted 34 of 100 [===============>--------------------------------]  34%
[1A[2KCompleted 34 of 100 [===============>--------------------------------]  34%
[1A[2KCompleted 34 of 100 [===============>--------------------------------]  34%
[1A[2KCompleted 34 of 100 [===============>--------------------------------]  34%
[1A[2KCompleted 34 of 100 [===============>--------------------------------]  34%
[1A[2KCompleted 34 of 100 [===============>--------------------------------]  34%
[1A[2KCompleted 34 of 100 [===============>--------------------------------]  34%
[1A[2KCompleted 34 of 100 [===============>--------------------------------]  34%
[1A[2KCompleted 34 of 100 [===============>--------------------------------]  34%
[1A[2KCompleted 34 of 100 [===============>--------------------------------]  34%
[1A[2KCompleted 35 of 100 [===============>--------------------------------]  35%
[1A[2KCompleted 36 of 100 [================>-------------------------------]  36%
[1A[2KCompleted 36 of 100 [================>-------------------------------]  36%
[1A[2KCompleted 36 of 100 [================>-------------------------------]  36%
[1A[2KCompleted 36 of 100 [================>-------------------------------]  36%
[1A[2KCompleted 36 of 100 [================>-------------------------------]  36%
[1A[2KCompleted 36 of 100 [================>-------------------------------]  36%
[1A[2KCompleted 36 of 100 [================>-------------------------------]  36%
[1A[2KCompleted 36 of 100 [================>-------------------------------]  36%
[1A[2KCompleted 36 of 100 [================>-------------------------------]  36%
[1A[2KCompleted 36 of 100 [================>-------------------------------]  36%
[1A[2KCompleted 36 of 100 [================>-------------------------------]  36%
[1A[2KCompleted 36 of 100 [================>-------------------------------]  36%
[1A[2KCompleted 37 of 100 [================>-------------------------------]  37%
[1A[2KCompleted 37 of 100 [================>-------------------------------]  37%
[1A[2KCompleted 37 of 100 [================>-------------------------------]  37%
[1A[2KCompleted 37 of 100 [================>-------------------------------]  37%
[1A[2KCompleted 38 of 100 [=================>------------------------------]  38%
[1A[2KCompleted 38 of 100 [=================>------------------------------]  38%
[1A[2KCompleted 38 of 100 [=================>------------------------------]  38%
[1A[2KCompleted 38 of 100 [=================>------------------------------]  38%
[1A[2KCompleted 38 of 100 [=================>------------------------------]  38%
[1A[2KCompleted 38 of 100 [=================>------------------------------]  38%
[1A[2KCompleted 39 of 100 [=================>------------------------------]  39%
[1A[2KCompleted 39 of 100 [=================>------------------------------]  39%
[1A[2KCompleted 39 of 100 [=================>------------------------------]  39%
[1A[2KCompleted 39 of 100 [=================>------------------------------]  39%
[1A[2KCompleted 39 of 100 [=================>------------------------------]  39%
[1A[2KCompleted 39 of 100 [=================>------------------------------]  39%
[1A[2KCompleted 40 of 100 [==================>-----------------------------]  40%
[1A[2KCompleted 40 of 100 [==================>-----------------------------]  40%
[1A[2KCompleted 40 of 100 [==================>-----------------------------]  40%
[1A[2KCompleted 40 of 100 [==================>-----------------------------]  40%
[1A[2KCompleted 40 of 100 [==================>-----------------------------]  40%
[1A[2KCompleted 41 of 100 [==================>-----------------------------]  41%
[1A[2KCompleted 42 of 100 [===================>----------------------------]  42%
[1A[2KCompleted 43 of 100 [===================>----------------------------]  43%
[1A[2KCompleted 43 of 100 [===================>----------------------------]  43%
[1A[2KCompleted 43 of 100 [===================>----------------------------]  43%
[1A[2KCompleted 43 of 100 [===================>----------------------------]  43%
[1A[2KCompleted 43 of 100 [===================>----------------------------]  43%
[1A[2KCompleted 43 of 100 [===================>----------------------------]  43%
[1A[2KCompleted 43 of 100 [===================>----------------------------]  43%
[1A[2KCompleted 43 of 100 [===================>----------------------------]  43%
[1A[2KCompleted 43 of 100 [===================>----------------------------]  43%
[1A[2KCompleted 43 of 100 [===================>----------------------------]  43%
[1A[2KCompleted 43 of 100 [===================>----------------------------]  43%
[1A[2KCompleted 44 of 100 [====================>---------------------------]  44%
[1A[2KCompleted 44 of 100 [====================>---------------------------]  44%
[1A[2KCompleted 44 of 100 [====================>---------------------------]  44%
[1A[2KCompleted 44 of 100 [====================>---------------------------]  44%
[1A[2KCompleted 44 of 100 [====================>---------------------------]  44%
[1A[2KCompleted 45 of 100 [====================>---------------------------]  45%
[1A[2KCompleted 45 of 100 [====================>---------------------------]  45%
[1A[2KCompleted 46 of 100 [=====================>--------------------------]  46%
[1A[2KCompleted 46 of 100 [=====================>--------------------------]  46%
[1A[2KCompleted 47 of 100 [=====================>--------------------------]  47%
[1A[2KCompleted 47 of 100 [=====================>--------------------------]  47%
[1A[2KCompleted 47 of 100 [=====================>--------------------------]  47%
[1A[2KCompleted 47 of 100 [=====================>--------------------------]  47%
[1A[2KCompleted 47 of 100 [=====================>--------------------------]  47%
[1A[2KCompleted 47 of 100 [=====================>--------------------------]  47%
[1A[2KCompleted 47 of 100 [=====================>--------------------------]  47%
[1A[2KCompleted 47 of 100 [=====================>--------------------------]  47%
[1A[2KCompleted 47 of 100 [=====================>--------------------------]  47%
[1A[2KCompleted 47 of 100 [=====================>--------------------------]  47%
[1A[2KCompleted 47 of 100 [=====================>--------------------------]  47%
[1A[2KCompleted 47 of 100 [=====================>--------------------------]  47%
[1A[2KCompleted 48 of 100 [======================>-------------------------]  48%
[1A[2KCompleted 48 of 100 [======================>-------------------------]  48%
[1A[2KCompleted 48 of 100 [======================>-------------------------]  48%
[1A[2KCompleted 48 of 100 [======================>-------------------------]  48%
[1A[2KCompleted 48 of 100 [======================>-------------------------]  48%
[1A[2KCompleted 49 of 100 [======================>-------------------------]  49%
[1A[2KCompleted 49 of 100 [======================>-------------------------]  49%
[1A[2KCompleted 49 of 100 [======================>-------------------------]  49%
[1A[2KCompleted 50 of 100 [=======================>------------------------]  50%
[1A[2KCompleted 50 of 100 [=======================>------------------------]  50%
[1A[2KCompleted 50 of 100 [=======================>------------------------]  50%
[1A[2KCompleted 50 of 100 [=======================>------------------------]  50%
[1A[2KCompleted 51 of 100 [=======================>------------------------]  51%
[1A[2KCompleted 51 of 100 [=======================>------------------------]  51%
[1A[2KCompleted 51 of 100 [=======================>------------------------]  51%
[1A[2KCompleted 51 of 100 [=======================>------------------------]  51%
[1A[2KCompleted 52 of 100 [========================>-----------------------]  52%
[1A[2KCompleted 52 of 100 [========================>-----------------------]  52%
[1A[2KCompleted 52 of 100 [========================>-----------------------]  52%
[1A[2KCompleted 52 of 100 [========================>-----------------------]  52%
[1A[2KCompleted 52 of 100 [========================>-----------------------]  52%
[1A[2KCompleted 53 of 100 [========================>-----------------------]  53%
[1A[2KCompleted 54 of 100 [=========================>----------------------]  54%
[1A[2KCompleted 54 of 100 [=========================>----------------------]  54%
[1A[2KCompleted 54 of 100 [=========================>----------------------]  54%
[1A[2KCompleted 54 of 100 [=========================>----------------------]  54%
[1A[2KCompleted 54 of 100 [=========================>----------------------]  54%
[1A[2KCompleted 54 of 100 [=========================>----------------------]  54%
[1A[2KCompleted 55 of 100 [=========================>----------------------]  55%
[1A[2KCompleted 55 of 100 [=========================>----------------------]  55%
[1A[2KCompleted 55 of 100 [=========================>----------------------]  55%
[1A[2KCompleted 55 of 100 [=========================>----------------------]  55%
[1A[2KCompleted 55 of 100 [=========================>----------------------]  55%
[1A[2KCompleted 55 of 100 [=========================>----------------------]  55%
[1A[2KCompleted 55 of 100 [=========================>----------------------]  55%
[1A[2KCompleted 55 of 100 [=========================>----------------------]  55%
[1A[2KCompleted 55 of 100 [=========================>----------------------]  55%
[1A[2KCompleted 55 of 100 [=========================>----------------------]  55%
[1A[2KCompleted 55 of 100 [=========================>----------------------]  55%
[1A[2KCompleted 55 of 100 [=========================>----------------------]  55%
[1A[2KCompleted 57 of 100 [==========================>---------------------]  57%
[1A[2KCompleted 57 of 100 [==========================>---------------------]  57%
[1A[2KCompleted 57 of 100 [==========================>---------------------]  57%
[1A[2KCompleted 57 of 100 [==========================>---------------------]  57%
[1A[2KCompleted 57 of 100 [==========================>---------------------]  57%
[1A[2KCompleted 57 of 100 [==========================>---------------------]  57%
[1A[2KCompleted 57 of 100 [==========================>---------------------]  57%
[1A[2KCompleted 57 of 100 [==========================>---------------------]  57%
[1A[2KCompleted 57 of 100 [==========================>---------------------]  57%
[1A[2KCompleted 57 of 100 [==========================>---------------------]  57%
[1A[2KCompleted 57 of 100 [==========================>---------------------]  57%
[1A[2KCompleted 57 of 100 [==========================>---------------------]  57%
[1A[2KCompleted 57 of 100 [==========================>---------------------]  57%
[1A[2KCompleted 57 of 100 [==========================>---------------------]  57%
[1A[2KCompleted 57 of 100 [==========================>---------------------]  57%
[1A[2KCompleted 57 of 100 [==========================>---------------------]  57%
[1A[2KCompleted 57 of 100 [==========================>---------------------]  57%
[1A[2KCompleted 57 of 100 [==========================>---------------------]  57%
[1A[2KCompleted 57 of 100 [==========================>---------------------]  57%
[1A[2KCompleted 57 of 100 [==========================>---------------------]  57%
[1A[2KCompleted 57 of 100 [==========================>---------------------]  57%
[1A[2KCompleted 57 of 100 [==========================>---------------------]  57%
[1A[2KCompleted 57 of 100 [==========================>---------------------]  57%
[1A[2KCompleted 58 of 100 [==========================>---------------------]  58%
[1A[2KCompleted 58 of 100 [==========================>---------------------]  58%
[1A[2KCompleted 58 of 100 [==========================>---------------------]  58%
[1A[2KCompleted 58 of 100 [==========================>---------------------]  58%
[1A[2KCompleted 58 of 100 [==========================>---------------------]  58%
[1A[2KCompleted 59 of 100 [===========================>--------------------]  59%
[1A[2KCompleted 61 of 100 [============================>-------------------]  61%
[1A[2KCompleted 61 of 100 [============================>-------------------]  61%
[1A[2KCompleted 61 of 100 [============================>-------------------]  61%
[1A[2KCompleted 61 of 100 [============================>-------------------]  61%
[1A[2KCompleted 61 of 100 [============================>-------------------]  61%
[1A[2KCompleted 61 of 100 [============================>-------------------]  61%
[1A[2KCompleted 61 of 100 [============================>-------------------]  61%
[1A[2KCompleted 61 of 100 [============================>-------------------]  61%
[1A[2KCompleted 61 of 100 [============================>-------------------]  61%
[1A[2KCompleted 61 of 100 [============================>-------------------]  61%
[1A[2KCompleted 61 of 100 [============================>-------------------]  61%
[1A[2KCompleted 61 of 100 [============================>-------------------]  61%
[1A[2KCompleted 61 of 100 [============================>-------------------]  61%
[1A[2KCompleted 61 of 100 [============================>-------------------]  61%
[1A[2KCompleted 61 of 100 [============================>-------------------]  61%
[1A[2KCompleted 62 of 100 [=============================>------------------]  62%
[1A[2KCompleted 62 of 100 [=============================>------------------]  62%
[1A[2KCompleted 62 of 100 [=============================>------------------]  62%
[1A[2KCompleted 63 of 100 [=============================>------------------]  63%
[1A[2KCompleted 63 of 100 [=============================>------------------]  63%
[1A[2KCompleted 63 of 100 [=============================>------------------]  63%
[1A[2KCompleted 64 of 100 [==============================>-----------------]  64%
[1A[2KCompleted 65 of 100 [==============================>-----------------]  65%
[1A[2KCompleted 65 of 100 [==============================>-----------------]  65%
[1A[2KCompleted 65 of 100 [==============================>-----------------]  65%
[1A[2KCompleted 66 of 100 [===============================>----------------]  66%
[1A[2KCompleted 66 of 100 [===============================>----------------]  66%
[1A[2KCompleted 66 of 100 [===============================>----------------]  66%
[1A[2KCompleted 66 of 100 [===============================>----------------]  66%
[1A[2KCompleted 66 of 100 [===============================>----------------]  66%
[1A[2KCompleted 67 of 100 [===============================>----------------]  67%
[1A[2KCompleted 68 of 100 [================================>---------------]  68%
[1A[2KCompleted 68 of 100 [================================>---------------]  68%
[1A[2KCompleted 68 of 100 [================================>---------------]  68%
[1A[2KCompleted 68 of 100 [================================>---------------]  68%
[1A[2KCompleted 68 of 100 [================================>---------------]  68%
[1A[2KCompleted 68 of 100 [================================>---------------]  68%
[1A[2KCompleted 68 of 100 [================================>---------------]  68%
[1A[2KCompleted 69 of 100 [================================>---------------]  69%
[1A[2KCompleted 69 of 100 [================================>---------------]  69%
[1A[2KCompleted 69 of 100 [================================>---------------]  69%
[1A[2KCompleted 69 of 100 [================================>---------------]  69%
[1A[2KCompleted 70 of 100 [=================================>--------------]  70%
[1A[2KCompleted 70 of 100 [=================================>--------------]  70%
[1A[2KCompleted 71 of 100 [=================================>--------------]  71%
[1A[2KCompleted 71 of 100 [=================================>--------------]  71%
[1A[2KCompleted 72 of 100 [==================================>-------------]  72%
[1A[2KCompleted 72 of 100 [==================================>-------------]  72%
[1A[2KCompleted 72 of 100 [==================================>-------------]  72%
[1A[2KCompleted 72 of 100 [==================================>-------------]  72%
[1A[2KCompleted 73 of 100 [==================================>-------------]  73%
[1A[2KCompleted 74 of 100 [===================================>------------]  74%
[1A[2KCompleted 74 of 100 [===================================>------------]  74%
[1A[2KCompleted 74 of 100 [===================================>------------]  74%
[1A[2KCompleted 74 of 100 [===================================>------------]  74%
[1A[2KCompleted 74 of 100 [===================================>------------]  74%
[1A[2KCompleted 74 of 100 [===================================>------------]  74%
[1A[2KCompleted 74 of 100 [===================================>------------]  74%
[1A[2KCompleted 74 of 100 [===================================>------------]  74%
[1A[2KCompleted 74 of 100 [===================================>------------]  74%
[1A[2KCompleted 75 of 100 [===================================>------------]  75%
[1A[2KCompleted 75 of 100 [===================================>------------]  75%
[1A[2KCompleted 75 of 100 [===================================>------------]  75%
[1A[2KCompleted 75 of 100 [===================================>------------]  75%
[1A[2KCompleted 75 of 100 [===================================>------------]  75%
[1A[2KCompleted 77 of 100 [====================================>-----------]  77%
[1A[2KCompleted 77 of 100 [====================================>-----------]  77%
[1A[2KCompleted 77 of 100 [====================================>-----------]  77%
[1A[2KCompleted 79 of 100 [=====================================>----------]  79%
[1A[2KCompleted 79 of 100 [=====================================>----------]  79%
[1A[2KCompleted 79 of 100 [=====================================>----------]  79%
[1A[2KCompleted 79 of 100 [=====================================>----------]  79%
[1A[2KCompleted 79 of 100 [=====================================>----------]  79%
[1A[2KCompleted 80 of 100 [======================================>---------]  80%
[1A[2KCompleted 80 of 100 [======================================>---------]  80%
[1A[2KCompleted 80 of 100 [======================================>---------]  80%
[1A[2KCompleted 80 of 100 [======================================>---------]  80%
[1A[2KCompleted 80 of 100 [======================================>---------]  80%
[1A[2KCompleted 80 of 100 [======================================>---------]  80%
[1A[2KCompleted 80 of 100 [======================================>---------]  80%
[1A[2KCompleted 80 of 100 [======================================>---------]  80%
[1A[2KCompleted 80 of 100 [======================================>---------]  80%
[1A[2KCompleted 80 of 100 [======================================>---------]  80%
[1A[2KCompleted 80 of 100 [======================================>---------]  80%
[1A[2KCompleted 81 of 100 [======================================>---------]  81%
[1A[2KCompleted 82 of 100 [=======================================>--------]  82%
[1A[2KCompleted 82 of 100 [=======================================>--------]  82%
[1A[2KCompleted 84 of 100 [========================================>-------]  84%
[1A[2KCompleted 85 of 100 [========================================>-------]  85%
[1A[2KCompleted 85 of 100 [========================================>-------]  85%
[1A[2KCompleted 86 of 100 [=========================================>------]  86%
[1A[2KCompleted 87 of 100 [=========================================>------]  87%
[1A[2KCompleted 87 of 100 [=========================================>------]  87%
[1A[2KCompleted 87 of 100 [=========================================>------]  87%
[1A[2KCompleted 88 of 100 [==========================================>-----]  88%
[1A[2KCompleted 88 of 100 [==========================================>-----]  88%
[1A[2KCompleted 88 of 100 [==========================================>-----]  88%
[1A[2KCompleted 88 of 100 [==========================================>-----]  88%
[1A[2KCompleted 88 of 100 [==========================================>-----]  88%
[1A[2KCompleted 88 of 100 [==========================================>-----]  88%
[1A[2KCompleted 88 of 100 [==========================================>-----]  88%
[1A[2KCompleted 88 of 100 [==========================================>-----]  88%
[1A[2KCompleted 88 of 100 [==========================================>-----]  88%
[1A[2KCompleted 88 of 100 [==========================================>-----]  88%
[1A[2KCompleted 88 of 100 [==========================================>-----]  88%
[1A[2KCompleted 88 of 100 [==========================================>-----]  88%
[1A[2KCompleted 88 of 100 [==========================================>-----]  88%
[1A[2KCompleted 89 of 100 [==========================================>-----]  89%
[1A[2KCompleted 89 of 100 [==========================================>-----]  89%
[1A[2KCompleted 91 of 100 [===========================================>----]  91%
[1A[2KCompleted 91 of 100 [===========================================>----]  91%
[1A[2KCompleted 91 of 100 [===========================================>----]  91%
[1A[2KCompleted 92 of 100 [============================================>---]  92%
[1A[2KCompleted 93 of 100 [============================================>---]  93%
[1A[2KCompleted 93 of 100 [============================================>---]  93%
[1A[2KCompleted 93 of 100 [============================================>---]  93%
[1A[2KCompleted 93 of 100 [============================================>---]  93%
[1A[2KCompleted 93 of 100 [============================================>---]  93%
[1A[2KCompleted 93 of 100 [============================================>---]  93%
[1A[2KCompleted 93 of 100 [============================================>---]  93%
[1A[2KCompleted 93 of 100 [============================================>---]  93%
[1A[2KCompleted 93 of 100 [============================================>---]  93%
[1A[2KCompleted 93 of 100 [============================================>---]  93%
[1A[2KCompleted 93 of 100 [============================================>---]  93%
[1A[2KCompleted 93 of 100 [============================================>---]  93%
[1A[2KCompleted 93 of 100 [============================================>---]  93%
[1A[2KCompleted 93 of 100 [============================================>---]  93%
[1A[2KCompleted 93 of 100 [============================================>---]  93%
[1A[2KCompleted 93 of 100 [============================================>---]  93%
[1A[2KCompleted 93 of 100 [============================================>---]  93%
[1A[2KCompleted 93 of 100 [============================================>---]  93%
[1A[2KCompleted 93 of 100 [============================================>---]  93%
[1A[2KCompleted 94 of 100 [=============================================>--]  94%
[1A[2KCompleted 94 of 100 [=============================================>--]  94%
[1A[2KCompleted 94 of 100 [=============================================>--]  94%
[1A[2KCompleted 94 of 100 [=============================================>--]  94%
[1A[2KCompleted 94 of 100 [=============================================>--]  94%
[1A[2KCompleted 94 of 100 [=============================================>--]  94%
[1A[2KCompleted 94 of 100 [=============================================>--]  94%
[1A[2KCompleted 94 of 100 [=============================================>--]  94%
[1A[2KCompleted 95 of 100 [=============================================>--]  95%
[1A[2KCompleted 96 of 100 [==============================================>-]  96%
[1A[2KCompleted 96 of 100 [==============================================>-]  96%
[1A[2KCompleted 96 of 100 [==============================================>-]  96%
[1A[2KCompleted 96 of 100 [==============================================>-]  96%
[1A[2KCompleted 97 of 100 [==============================================>-]  97%
[1A[2KCompleted 98 of 100 [===============================================>]  98%
[1A[2KCompleted 98 of 100 [===============================================>]  98%
[1A[2KCompleted 98 of 100 [===============================================>]  98%
[1A[2KCompleted 98 of 100 [===============================================>]  98%
[1A[2KCompleted 98 of 100 [===============================================>]  98%
[1A[2KCompleted 98 of 100 [===============================================>]  98%
[1A[2KCompleted 98 of 100 [===============================================>]  98%
[1A[2KCompleted 98 of 100 [===============================================>]  98%
[1A[2KCompleted 98 of 100 [===============================================>]  98%
[1A[2KCompleted 98 of 100 [===============================================>]  98%
[1A[2KCompleted 98 of 100 [===============================================>]  98%
[1A[2KCompleted 98 of 100 [===============================================>]  98%
[1A[2KCompleted 98 of 100 [===============================================>]  98%
[1A[2KCompleted 98 of 100 [===============================================>]  98%
[1A[2KCompleted 98 of 100 [===============================================>]  98%
[1A[2KCompleted 98 of 100 [===============================================>]  98%
[1A[2KCompleted 98 of 100 [===============================================>]  98%
[1A[2KCompleted 98 of 100 [===============================================>]  98%
[1A[2KCompleted 98 of 100 [===============================================>]  98%
[1A[2KCompleted 98 of 100 [===============================================>]  98%
[1A[2KCompleted 98 of 100 [===============================================>]  98%
[1A[2KCompleted 98 of 100 [===============================================>]  98%
[1A[2KCompleted 98 of 100 [===============================================>]  98%
[1A[2KCompleted 98 of 100 [===============================================>]  98%
[1A[2KCompleted 98 of 100 [===============================================>]  98%
[1A[2KCompleted 98 of 100 [===============================================>]  98%
[1A[2KCompleted 98 of 100 [===============================================>]  98%
[1A[2KCompleted 98 of 100 [===============================================>]  98%
[1A[2KCompleted 98 of 100 [===============================================>]  98%
[1A[2KCompleted 98 of 100 [===============================================>]  98%
[1A[2KCompleted 98 of 100 [===============================================>]  98%
[1A[2KCompleted 98 of 100 [===============================================>]  98%
[1A[2KCompleted 98 of 100 [===============================================>]  98%
[1A[2KCompleted 98 of 100 [===============================================>]  98%
[1A[2KCompleted 98 of 100 [===============================================>]  98%
[1A[2KCompleted 98 of 100 [===============================================>]  98%
[1A[2KCompleted 98 of 100 [===============================================>]  98%
[1A[2KCompleted 98 of 100 [===============================================>]  98%
[1A[2KCompleted 98 of 100 [===============================================>]  98%
[1A[2KCompleted 98 of 100 [===============================================>]  98%
[1A[2KCompleted 98 of 100 [===============================================>]  98%
[1A[2KCompleted 98 of 100 [===============================================>]  98%
[1A[2KCompleted 98 of 100 [===============================================>]  98%
[1A[2KCompleted 98 of 100 [===============================================>]  98%
[1A[2KCompleted 98 of 100 [===============================================>]  98%
[1A[2KCompleted 98 of 100 [===============================================>]  98%
[1A[2KCompleted 98 of 100 [===============================================>]  98%
[1A[2KCompleted 98 of 100 [===============================================>]  98%
[1A[2KCompleted 98 of 100 [===============================================>]  98%
[1A[2KCompleted 98 of 100 [===============================================>]  98%
[1A[2KCompleted 98 of 100 [===============================================>]  98%
[1A[2KCompleted 98 of 100 [===============================================>]  98%
[1A[2KCompleted 98 of 100 [===============================================>]  98%
[1A[2KCompleted 98 of 100 [===============================================>]  98%
[1A[2KCompleted 98 of 100 [===============================================>]  98%
[1A[2KCompleted 98 of 100 [===============================================>]  98%
[1A[2KCompleted 98 of 100 [===============================================>]  98%
[1A[2KCompleted 98 of 100 [===============================================>]  98%
[1A[2KCompleted 98 of 100 [===============================================>]  98%
[1A[2KCompleted 98 of 100 [===============================================>]  98%
[1A[2KCompleted 98 of 100 [===============================================>]  98%
[1A[2KCompleted 98 of 100 [===============================================>]  98%
[1A[2KCompleted 98 of 100 [===============================================>]  98%
[1A[2KCompleted 98 of 100 [===============================================>]  98%
[1A[2KCompleted 98 of 100 [===============================================>]  98%
[1A[2KCompleted 98 of 100 [===============================================>]  98%
[1A[2KCompleted 98 of 100 [===============================================>]  98%
[1A[2KCompleted 98 of 100 [===============================================>]  98%
[1A[2KCompleted 98 of 100 [===============================================>]  98%
[1A[2KCompleted 98 of 100 [===============================================>]  98%
[1A[2KCompleted 98 of 100 [===============================================>]  98%
[1A[2KCompleted 98 of 100 [===============================================>]  98%
[1A[2KCompleted 98 of 100 [===============================================>]  98%
[1A[2KCompleted 98 of 100 [===============================================>]  98%
[1A[2KCompleted 98 of 100 [===============================================>]  98%
[1A[2KCompleted 98 of 100 [===============================================>]  98%
[1A[2KCompleted 98 of 100 [===============================================>]  98%
[1A[2KCompleted 98 of 100 [===============================================>]  98%
[1A[2KCompleted 98 of 100 [===============================================>]  98%
[1A[2KCompleted 98 of 100 [===============================================>]  98%
[1A[2KCompleted 98 of 100 [===============================================>]  98%
[1A[2KCompleted 98 of 100 [===============================================>]  98%
[1A[2KCompleted 98 of 100 [===============================================>]  98%
[1A[2KCompleted 98 of 100 [===============================================>]  98%
[1A[2KCompleted 98 of 100 [===============================================>]  98%
[1A[2KCompleted 98 of 100 [===============================================>]  98%
[1A[2KCompleted 98 of 100 [===============================================>]  98%
[1A[2KCompleted 98 of 100 [===============================================>]  98%
[1A[2KCompleted 98 of 100 [===============================================>]  98%
[1A[2KCompleted 98 of 100 [===============================================>]  98%
[1A[2KCompleted 98 of 100 [===============================================>]  98%
[1A[2KCompleted 98 of 100 [===============================================>]  98%
[1A[2KCompleted 98 of 100 [===============================================>]  98%
[1A[2KCompleted 98 of 100 [===============================================>]  98%
[1A[2KCompleted 98 of 100 [===============================================>]  98%
[1A[2KCompleted 98 of 100 [===============================================>]  98%
[1A[2KCompleted 98 of 100 [===============================================>]  98%
[1A[2KCompleted 98 of 100 [===============================================>]  98%
[1A[2KCompleted 98 of 100 [===============================================>]  98%
[1A[2KCompleted 98 of 100 [===============================================>]  98%
[1A[2KCompleted 98 of 100 [===============================================>]  98%
[1A[2KCompleted 98 of 100 [===============================================>]  98%
[1A[2KCompleted 98 of 100 [===============================================>]  98%
[1A[2KCompleted 98 of 100 [===============================================>]  98%
[1A[2KCompleted 98 of 100 [===============================================>]  98%
[1A[2KCompleted 98 of 100 [===============================================>]  98%
[1A[2KCompleted 98 of 100 [===============================================>]  98%
[1A[2KCompleted 98 of 100 [===============================================>]  98%
[1A[2KCompleted 98 of 100 [===============================================>]  98%
[1A[2KCompleted 98 of 100 [===============================================>]  98%
[1A[2KCompleted 98 of 100 [===============================================>]  98%
[1A[2KCompleted 98 of 100 [===============================================>]  98%
[1A[2KCompleted 98 of 100 [===============================================>]  98%
[1A[2KCompleted 98 of 100 [===============================================>]  98%
[1A[2KCompleted 98 of 100 [===============================================>]  98%
[1A[2KCompleted 98 of 100 [===============================================>]  98%
[1A[2KCompleted 98 of 100 [===============================================>]  98%
[1A[2KCompleted 98 of 100 [===============================================>]  98%
[1A[2KCompleted 98 of 100 [===============================================>]  98%
[1A[2KCompleted 98 of 100 [===============================================>]  98%
[1A[2KCompleted 98 of 100 [===============================================>]  98%
[1A[2KCompleted 98 of 100 [===============================================>]  98%
[1A[2KCompleted 98 of 100 [===============================================>]  98%
[1A[2KCompleted 98 of 100 [===============================================>]  98%
[1A[2KCompleted 98 of 100 [===============================================>]  98%
[1A[2KCompleted 98 of 100 [===============================================>]  98%
[1A[2KCompleted 98 of 100 [===============================================>]  98%
[1A[2KCompleted 98 of 100 [===============================================>]  98%
[1A[2KCompleted 98 of 100 [===============================================>]  98%
[1A[2KCompleted 98 of 100 [===============================================>]  98%
[1A[2KCompleted 98 of 100 [===============================================>]  98%
[1A[2KCompleted 98 of 100 [===============================================>]  98%
[1A[2KCompleted 98 of 100 [===============================================>]  98%
[1A[2KCompleted 98 of 100 [===============================================>]  98%
[1A[2KCompleted 98 of 100 [===============================================>]  98%
[1A[2KCompleted 98 of 100 [===============================================>]  98%
[1A[2KCompleted 98 of 100 [===============================================>]  98%
[1A[2KCompleted 98 of 100 [===============================================>]  98%
[1A[2KCompleted 98 of 100 [===============================================>]  98%
[1A[2KCompleted 98 of 100 [===============================================>]  98%
[1A[2KCompleted 98 of 100 [===============================================>]  98%
[1A[2KCompleted 98 of 100 [===============================================>]  98%
[1A[2KCompleted 98 of 100 [===============================================>]  98%
[1A[2KCompleted 98 of 100 [===============================================>]  98%
[1A[2KCompleted 98 of 100 [===============================================>]  98%
[1A[2KCompleted 98 of 100 [===============================================>]  98%
[1A[2KCompleted 98 of 100 [===============================================>]  98%
[1A[2KCompleted 98 of 100 [===============================================>]  98%
[1A[2KCompleted 98 of 100 [===============================================>]  98%
[1A[2KCompleted 98 of 100 [===============================================>]  98%
[1A[2KCompleted 98 of 100 [===============================================>]  98%
[1A[2KCompleted 98 of 100 [===============================================>]  98%
[1A[2KCompleted 98 of 100 [===============================================>]  98%
[1A[2KCompleted 98 of 100 [===============================================>]  98%
[1A[2KCompleted 98 of 100 [===============================================>]  98%
[1A[2KCompleted 98 of 100 [===============================================>]  98%
[1A[2KCompleted 98 of 100 [===============================================>]  98%
[1A[2KCompleted 98 of 100 [===============================================>]  98%
[1A[2KCompleted 98 of 100 [===============================================>]  98%
[1A[2KCompleted 98 of 100 [===============================================>]  98%
[1A[2KCompleted 98 of 100 [===============================================>]  98%
[1A[2KCompleted 98 of 100 [===============================================>]  98%
[1A[2KCompleted 98 of 100 [===============================================>]  98%
[1A[2KCompleted 98 of 100 [===============================================>]  98%
[1A[2KCompleted 98 of 100 [===============================================>]  98%
[1A[2KCompleted 98 of 100 [===============================================>]  98%
[1A[2KCompleted 98 of 100 [===============================================>]  98%
[1A[2KCompleted 98 of 100 [===============================================>]  98%
[1A[2KCompleted 98 of 100 [===============================================>]  98%
[1A[2KCompleted 98 of 100 [===============================================>]  98%
[1A[2KCompleted 98 of 100 [===============================================>]  98%
[1A[2KCompleted 98 of 100 [===============================================>]  98%
[1A[2KCompleted 98 of 100 [===============================================>]  98%
[1A[2KCompleted 98 of 100 [===============================================>]  98%
[1A[2KCompleted 98 of 100 [===============================================>]  98%
[1A[2KCompleted 98 of 100 [===============================================>]  98%
[1A[2KCompleted 98 of 100 [===============================================>]  98%
[1A[2KCompleted 98 of 100 [===============================================>]  98%
[1A[2KCompleted 98 of 100 [===============================================>]  98%
[1A[2KCompleted 98 of 100 [===============================================>]  98%
[1A[2KCompleted 98 of 100 [===============================================>]  98%
[1A[2KCompleted 98 of 100 [===============================================>]  98%
[1A[2KCompleted 98 of 100 [===============================================>]  98%
[1A[2KCompleted 98 of 100 [===============================================>]  98%
[1A[2KCompleted 98 of 100 [===============================================>]  98%
[1A[2KCompleted 98 of 100 [===============================================>]  98%
[1A[2KCompleted 98 of 100 [===============================================>]  98%
[1A[2KCompleted 98 of 100 [===============================================>]  98%
[1A[2KCompleted 98 of 100 [===============================================>]  98%
[1A[2KCompleted 98 of 100 [===============================================>]  98%
[1A[2KCompleted 98 of 100 [===============================================>]  98%
[1A[2KCompleted 98 of 100 [===============================================>]  98%
[1A[2KCompleted 98 of 100 [===============================================>]  98%
[1A[2KCompleted 98 of 100 [===============================================>]  98%
[1A[2KCompleted 98 of 100 [===============================================>]  98%
[1A[2KCompleted 98 of 100 [===============================================>]  98%
[1A[2KCompleted 98 of 100 [===============================================>]  98%
[1A[2KCompleted 98 of 100 [===============================================>]  98%
[1A[2KCompleted 98 of 100 [===============================================>]  98%
[1A[2KCompleted 98 of 100 [===============================================>]  98%
[1A[2KCompleted 98 of 100 [===============================================>]  98%
[1A[2KCompleted 98 of 100 [===============================================>]  98%
[1A[2KCompleted 98 of 100 [===============================================>]  98%
[1A[2KCompleted 98 of 100 [===============================================>]  98%
[1A[2KCompleted 98 of 100 [===============================================>]  98%
[1A[2KCompleted 98 of 100 [===============================================>]  98%
[1A[2KCompleted 98 of 100 [===============================================>]  98%
[1A[2KCompleted 98 of 100 [===============================================>]  98%
[1A[2KCompleted 98 of 100 [===============================================>]  98%
[1A[2KCompleted 98 of 100 [===============================================>]  98%
[1A[2KCompleted 98 of 100 [===============================================>]  98%
[1A[2KCompleted 98 of 100 [===============================================>]  98%
[1A[2KCompleted 98 of 100 [===============================================>]  98%
[1A[2KCompleted 98 of 100 [===============================================>]  98%
[1A[2KCompleted 98 of 100 [===============================================>]  98%
[1A[2KCompleted 98 of 100 [===============================================>]  98%
[1A[2KCompleted 98 of 100 [===============================================>]  98%
[1A[2KCompleted 98 of 100 [===============================================>]  98%
[1A[2KCompleted 98 of 100 [===============================================>]  98%
[1A[2KCompleted 98 of 100 [===============================================>]  98%
[1A[2KCompleted 98 of 100 [===============================================>]  98%
[1A[2KCompleted 98 of 100 [===============================================>]  98%
[1A[2KCompleted 98 of 100 [===============================================>]  98%
[1A[2KCompleted 98 of 100 [===============================================>]  98%
[1A[2KCompleted 98 of 100 [===============================================>]  98%
[1A[2KCompleted 98 of 100 [===============================================>]  98%
[1A[2KCompleted 98 of 100 [===============================================>]  98%
[1A[2KCompleted 98 of 100 [===============================================>]  98%
[1A[2KCompleted 98 of 100 [===============================================>]  98%
[1A[2KCompleted 98 of 100 [===============================================>]  98%
[1A[2KCompleted 98 of 100 [===============================================>]  98%
[1A[2KCompleted 98 of 100 [===============================================>]  98%
[1A[2KCompleted 98 of 100 [===============================================>]  98%
[1A[2KCompleted 98 of 100 [===============================================>]  98%
[1A[2KCompleted 98 of 100 [===============================================>]  98%
[1A[2KCompleted 98 of 100 [===============================================>]  98%
[1A[2KCompleted 98 of 100 [===============================================>]  98%
[1A[2KCompleted 98 of 100 [===============================================>]  98%
[1A[2KCompleted 98 of 100 [===============================================>]  98%
[1A[2KCompleted 98 of 100 [===============================================>]  98%
[1A[2KCompleted 98 of 100 [===============================================>]  98%
[1A[2KCompleted 98 of 100 [===============================================>]  98%
[1A[2KCompleted 98 of 100 [===============================================>]  98%
[1A[2KCompleted 99 of 100 [===============================================>]  99%
[1A[2KCompleted 99 of 100 [===============================================>]  99%
[1A[2KCompleted 99 of 100 [===============================================>]  99%
[1A[2KCompleted 99 of 100 [===============================================>]  99%
[1A[2KCompleted 99 of 100 [===============================================>]  99%
[1A[2KCompleted 99 of 100 [===============================================>]  99%
[1A[2KCompleted 99 of 100 [===============================================>]  99%
[1A[2KCompleted 99 of 100 [===============================================>]  99%
[1A[2KCompleted 99 of 100 [===============================================>]  99%
[1A[2KCompleted 99 of 100 [===============================================>]  99%
[1A[2KCompleted 99 of 100 [===============================================>]  99%
[1A[2KCompleted 99 of 100 [===============================================>]  99%
[1A[2KCompleted 99 of 100 [===============================================>]  99%
[1A[2KCompleted 99 of 100 [===============================================>]  99%
[1A[2KCompleted 99 of 100 [===============================================>]  99%
[1A[2KCompleted 99 of 100 [===============================================>]  99%
[1A[2KCompleted 99 of 100 [===============================================>]  99%
[1A[2KCompleted 99 of 100 [===============================================>]  99%
[1A[2KCompleted 99 of 100 [===============================================>]  99%
[1A[2KCompleted 99 of 100 [===============================================>]  99%
[1A[2KCompleted 99 of 100 [===============================================>]  99%
[1A[2KCompleted 99 of 100 [===============================================>]  99%
[1A[2KCompleted 99 of 100 [===============================================>]  99%
[1A[2KCompleted 99 of 100 [===============================================>]  99%
[1A[2KCompleted 99 of 100 [===============================================>]  99%
[1A[2KCompleted 99 of 100 [===============================================>]  99%
[1A[2KCompleted 99 of 100 [===============================================>]  99%
[1A[2KCompleted 100 of 100 [================================================] 100%
100 FASTA files ready
Distance matrix: clo/distances.phy
