First-separation targets:   979
First-separation neighbors: 21
Genomes going into the tree: 1000
fintac-selected clade/leaf identifier: 22

=== First vs second separation ===
First targets:  979
Second targets: 979

Labeled TARGET in the table, but phylogeny groups them with NEIGHBORS:
GCA_002032795.1
GCA_003068465.1

Labeled NEIGHBOR in the table, but phylogeny groups them with TARGETS:
GCA_000486225.1
GCA_001629755.1
GCA_001832385.1
GCA_001832505.1
GCA_001832765.1
GCA_001878945.1
GCA_001951515.1
GCA_001953515.1
GCA_002035315.1
GCA_002035705.1
GCA_002035775.1
GCA_002037625.1
GCA_002106115.1
GCA_008485645.2
GCA_008692755.1
GCA_009905405.1
GCA_019249015.1
GCA_900456265.1
GCA_900478215.1

Full results in: sen/pool_1000/{first,second}_{targets,neighbors}.txt
